2019-03-12 12:27:41,662 [Worker-0: Loading available Gradle versions] INFO  o.e.b.c.i.u.g.PublishedGradleVersions - Gradle version information cache is out-of-date. Trying to update.
2019-03-12 12:28:11,441 [Worker-3: Importing Maven projects] INFO  o.e.m.c.i.l.LifecycleMappingFactory - Using org.eclipse.m2e.jdt.JarLifecycleMapping lifecycle mapping for MavenProject: com.spring_course:demo-spring:0.0.1-SNAPSHOT @ D:\demo-spring\demo-spring\pom.xml.
2019-03-12 12:28:14,934 [Worker-3: Importing Maven projects] INFO  o.e.m.j.i.AbstractJavaProjectConfigurator - Adding source folder /demo-spring/src/main/java
2019-03-12 12:28:14,935 [Worker-3: Importing Maven projects] INFO  o.e.m.j.i.AbstractJavaProjectConfigurator - Adding resource folder /demo-spring/src/main/resources
2019-03-12 12:28:14,944 [Worker-3: Importing Maven projects] INFO  o.e.m.j.i.AbstractJavaProjectConfigurator - Adding resource folder /demo-spring/src/main/resources
2019-03-12 12:28:14,964 [Worker-3: Importing Maven projects] INFO  o.e.m.j.i.AbstractJavaProjectConfigurator - Adding source folder /demo-spring/src/test/java
2019-03-12 12:28:16,241 [Worker-3: Importing Maven projects] INFO  o.e.m.c.i.p.ProjectConfigurationManager - Imported and configured 1 project(s) in 10 sec
2019-03-12 12:28:20,872 [Worker-8: Building workspace] INFO  o.e.m.c.i.embedder.EclipseLogger - Using 'UTF-8' encoding to copy filtered resources.
2019-03-12 12:28:20,904 [Worker-8: Building workspace] INFO  o.e.m.c.i.embedder.EclipseLogger - Copying 1 resource
2019-03-12 12:28:20,933 [Worker-8: Building workspace] INFO  o.e.m.c.i.embedder.EclipseLogger - Copying 0 resource
2019-03-12 12:28:20,941 [Worker-8: Building workspace] INFO  o.e.m.c.i.embedder.EclipseLogger - Using 'UTF-8' encoding to copy filtered resources.
2019-03-12 12:28:20,941 [Worker-8: Building workspace] INFO  o.e.m.c.i.embedder.EclipseLogger - skip non existing resourceDirectory D:\demo-spring\demo-spring\src\test\resources
2019-03-12 12:29:25,911 [Worker-9: Building workspace] INFO  o.e.m.c.i.embedder.EclipseLogger - Using 'UTF-8' encoding to copy filtered resources.
2019-03-12 12:29:25,913 [Worker-9: Building workspace] INFO  o.e.m.c.i.embedder.EclipseLogger - Copying 0 resource
2019-03-12 12:29:25,915 [Worker-9: Building workspace] INFO  o.e.m.c.i.embedder.EclipseLogger - Copying 0 resource
2019-03-12 12:29:25,920 [Worker-9: Building workspace] INFO  o.e.m.c.i.embedder.EclipseLogger - Using 'UTF-8' encoding to copy filtered resources.
2019-03-12 12:29:25,920 [Worker-9: Building workspace] INFO  o.e.m.c.i.embedder.EclipseLogger - skip non existing resourceDirectory D:\demo-spring\demo-spring\src\test\resources
2019-03-12 12:30:33,857 [Worker-5: Building workspace] INFO  o.e.m.c.i.embedder.EclipseLogger - Using 'UTF-8' encoding to copy filtered resources.
2019-03-12 12:30:33,900 [Worker-5: Building workspace] INFO  o.e.m.c.i.embedder.EclipseLogger - Copying 1 resource
2019-03-12 12:30:33,903 [Worker-5: Building workspace] INFO  o.e.m.c.i.embedder.EclipseLogger - Copying 0 resource
2019-03-12 12:30:33,908 [Worker-5: Building workspace] INFO  o.e.m.c.i.embedder.EclipseLogger - Using 'UTF-8' encoding to copy filtered resources.
2019-03-12 12:30:33,908 [Worker-5: Building workspace] INFO  o.e.m.c.i.embedder.EclipseLogger - skip non existing resourceDirectory D:\demo-spring\demo-spring\src\test\resources
2019-03-12 12:30:58,754 [Worker-0: Building workspace] INFO  o.e.m.c.i.embedder.EclipseLogger - Using 'UTF-8' encoding to copy filtered resources.
2019-03-12 12:30:58,757 [Worker-0: Building workspace] INFO  o.e.m.c.i.embedder.EclipseLogger - Copying 1 resource
2019-03-12 12:30:58,764 [Worker-0: Building workspace] INFO  o.e.m.c.i.embedder.EclipseLogger - Copying 0 resource
2019-03-12 12:30:58,768 [Worker-0: Building workspace] INFO  o.e.m.c.i.embedder.EclipseLogger - Using 'UTF-8' encoding to copy filtered resources.
2019-03-12 12:30:58,769 [Worker-0: Building workspace] INFO  o.e.m.c.i.embedder.EclipseLogger - skip non existing resourceDirectory D:\demo-spring\demo-spring\src\test\resources
2019-03-12 12:31:42,497 [Worker-11: Building workspace] INFO  o.e.m.c.i.embedder.EclipseLogger - Using 'UTF-8' encoding to copy filtered resources.
2019-03-12 12:31:42,499 [Worker-11: Building workspace] INFO  o.e.m.c.i.embedder.EclipseLogger - Copying 1 resource
2019-03-12 12:31:42,501 [Worker-11: Building workspace] INFO  o.e.m.c.i.embedder.EclipseLogger - Copying 0 resource
2019-03-12 12:31:42,506 [Worker-11: Building workspace] INFO  o.e.m.c.i.embedder.EclipseLogger - Using 'UTF-8' encoding to copy filtered resources.
2019-03-12 12:31:42,506 [Worker-11: Building workspace] INFO  o.e.m.c.i.embedder.EclipseLogger - skip non existing resourceDirectory D:\demo-spring\demo-spring\src\test\resources
2019-03-12 12:33:09,883 [Worker-10: Building Workspace] INFO  o.e.m.c.i.embedder.EclipseLogger - Using 'UTF-8' encoding to copy filtered resources.
2019-03-12 12:33:09,885 [Worker-10: Building Workspace] INFO  o.e.m.c.i.embedder.EclipseLogger - Copying 1 resource
2019-03-12 12:33:09,887 [Worker-10: Building Workspace] INFO  o.e.m.c.i.embedder.EclipseLogger - Copying 0 resource
2019-03-12 12:33:09,891 [Worker-10: Building Workspace] INFO  o.e.m.c.i.embedder.EclipseLogger - Using 'UTF-8' encoding to copy filtered resources.
2019-03-12 12:33:09,892 [Worker-10: Building Workspace] INFO  o.e.m.c.i.embedder.EclipseLogger - skip non existing resourceDirectory D:\demo-spring\demo-spring\src\test\resources
2019-03-12 12:43:35,408 [Worker-2: Launching DemoSpringApplication] INFO  o.e.m.c.i.embedder.EclipseLogger - Using 'UTF-8' encoding to copy filtered resources.
2019-03-12 12:43:35,410 [Worker-2: Launching DemoSpringApplication] INFO  o.e.m.c.i.embedder.EclipseLogger - Copying 1 resource
2019-03-12 12:43:35,412 [Worker-2: Launching DemoSpringApplication] INFO  o.e.m.c.i.embedder.EclipseLogger - Copying 0 resource
2019-03-12 12:43:35,416 [Worker-2: Launching DemoSpringApplication] INFO  o.e.m.c.i.embedder.EclipseLogger - Using 'UTF-8' encoding to copy filtered resources.
2019-03-12 12:43:35,417 [Worker-2: Launching DemoSpringApplication] INFO  o.e.m.c.i.embedder.EclipseLogger - skip non existing resourceDirectory D:\demo-spring\demo-spring\src\test\resources
2019-03-12 12:44:43,255 [Worker-7: Building workspace] INFO  o.e.m.c.i.embedder.EclipseLogger - Using 'UTF-8' encoding to copy filtered resources.
2019-03-12 12:44:43,256 [Worker-7: Building workspace] INFO  o.e.m.c.i.embedder.EclipseLogger - Copying 1 resource
2019-03-12 12:44:43,258 [Worker-7: Building workspace] INFO  o.e.m.c.i.embedder.EclipseLogger - Copying 0 resource
2019-03-12 12:44:43,266 [Worker-7: Building workspace] INFO  o.e.m.c.i.embedder.EclipseLogger - Using 'UTF-8' encoding to copy filtered resources.
2019-03-12 12:44:43,266 [Worker-7: Building workspace] INFO  o.e.m.c.i.embedder.EclipseLogger - skip non existing resourceDirectory D:\demo-spring\demo-spring\src\test\resources
2019-03-12 12:45:12,966 [Worker-5: Launching DemoSpringApplication] INFO  o.e.m.c.i.embedder.EclipseLogger - Using 'UTF-8' encoding to copy filtered resources.
2019-03-12 12:45:12,967 [Worker-5: Launching DemoSpringApplication] INFO  o.e.m.c.i.embedder.EclipseLogger - Copying 1 resource
2019-03-12 12:45:12,969 [Worker-5: Launching DemoSpringApplication] INFO  o.e.m.c.i.embedder.EclipseLogger - Copying 0 resource
2019-03-12 12:45:12,975 [Worker-5: Launching DemoSpringApplication] INFO  o.e.m.c.i.embedder.EclipseLogger - Using 'UTF-8' encoding to copy filtered resources.
2019-03-12 12:45:12,975 [Worker-5: Launching DemoSpringApplication] INFO  o.e.m.c.i.embedder.EclipseLogger - skip non existing resourceDirectory D:\demo-spring\demo-spring\src\test\resources
2019-03-12 12:47:38,212 [Worker-11: Launching DemoSpringApplication] INFO  o.e.m.c.i.embedder.EclipseLogger - Using 'UTF-8' encoding to copy filtered resources.
2019-03-12 12:47:38,213 [Worker-11: Launching DemoSpringApplication] INFO  o.e.m.c.i.embedder.EclipseLogger - Copying 1 resource
2019-03-12 12:47:38,215 [Worker-11: Launching DemoSpringApplication] INFO  o.e.m.c.i.embedder.EclipseLogger - Copying 0 resource
2019-03-12 12:47:38,219 [Worker-11: Launching DemoSpringApplication] INFO  o.e.m.c.i.embedder.EclipseLogger - Using 'UTF-8' encoding to copy filtered resources.
2019-03-12 12:47:38,220 [Worker-11: Launching DemoSpringApplication] INFO  o.e.m.c.i.embedder.EclipseLogger - skip non existing resourceDirectory D:\demo-spring\demo-spring\src\test\resources
2019-03-12 12:50:54,968 [Worker-5: Launching DemoSpringApplication] INFO  o.e.m.c.i.embedder.EclipseLogger - Using 'UTF-8' encoding to copy filtered resources.
2019-03-12 12:50:54,969 [Worker-5: Launching DemoSpringApplication] INFO  o.e.m.c.i.embedder.EclipseLogger - Copying 1 resource
2019-03-12 12:50:54,972 [Worker-5: Launching DemoSpringApplication] INFO  o.e.m.c.i.embedder.EclipseLogger - Copying 0 resource
2019-03-12 12:50:54,978 [Worker-5: Launching DemoSpringApplication] INFO  o.e.m.c.i.embedder.EclipseLogger - Using 'UTF-8' encoding to copy filtered resources.
2019-03-12 12:50:54,978 [Worker-5: Launching DemoSpringApplication] INFO  o.e.m.c.i.embedder.EclipseLogger - skip non existing resourceDirectory D:\demo-spring\demo-spring\src\test\resources
2019-03-12 12:51:39,352 [Worker-5: Launching DemoSpringApplication] INFO  o.e.m.c.i.embedder.EclipseLogger - Using 'UTF-8' encoding to copy filtered resources.
2019-03-12 12:51:39,353 [Worker-5: Launching DemoSpringApplication] INFO  o.e.m.c.i.embedder.EclipseLogger - Copying 1 resource
2019-03-12 12:51:39,355 [Worker-5: Launching DemoSpringApplication] INFO  o.e.m.c.i.embedder.EclipseLogger - Copying 0 resource
2019-03-12 12:51:39,359 [Worker-5: Launching DemoSpringApplication] INFO  o.e.m.c.i.embedder.EclipseLogger - Using 'UTF-8' encoding to copy filtered resources.
2019-03-12 12:51:39,360 [Worker-5: Launching DemoSpringApplication] INFO  o.e.m.c.i.embedder.EclipseLogger - skip non existing resourceDirectory D:\demo-spring\demo-spring\src\test\resources
2019-03-12 12:52:48,806 [Worker-10: Launching DemoSpringApplication] INFO  o.e.m.c.i.embedder.EclipseLogger - Using 'UTF-8' encoding to copy filtered resources.
2019-03-12 12:52:48,807 [Worker-10: Launching DemoSpringApplication] INFO  o.e.m.c.i.embedder.EclipseLogger - Copying 1 resource
2019-03-12 12:52:48,809 [Worker-10: Launching DemoSpringApplication] INFO  o.e.m.c.i.embedder.EclipseLogger - Copying 0 resource
2019-03-12 12:52:48,813 [Worker-10: Launching DemoSpringApplication] INFO  o.e.m.c.i.embedder.EclipseLogger - Using 'UTF-8' encoding to copy filtered resources.
2019-03-12 12:52:48,813 [Worker-10: Launching DemoSpringApplication] INFO  o.e.m.c.i.embedder.EclipseLogger - skip non existing resourceDirectory D:\demo-spring\demo-spring\src\test\resources
2019-03-12 12:55:06,948 [Worker-7: Building workspace] INFO  o.e.m.c.i.embedder.EclipseLogger - Using 'UTF-8' encoding to copy filtered resources.
2019-03-12 12:55:06,949 [Worker-7: Building workspace] INFO  o.e.m.c.i.embedder.EclipseLogger - Copying 1 resource
2019-03-12 12:55:06,950 [Worker-7: Building workspace] INFO  o.e.m.c.i.embedder.EclipseLogger - Copying 0 resource
2019-03-12 12:55:06,954 [Worker-7: Building workspace] INFO  o.e.m.c.i.embedder.EclipseLogger - Using 'UTF-8' encoding to copy filtered resources.
2019-03-12 12:55:06,954 [Worker-7: Building workspace] INFO  o.e.m.c.i.embedder.EclipseLogger - skip non existing resourceDirectory D:\demo-spring\demo-spring\src\test\resources
2019-03-12 12:55:17,505 [Worker-15: Launching DemoSpringApplication] INFO  o.e.m.c.i.embedder.EclipseLogger - Using 'UTF-8' encoding to copy filtered resources.
2019-03-12 12:55:17,509 [Worker-15: Launching DemoSpringApplication] INFO  o.e.m.c.i.embedder.EclipseLogger - Copying 1 resource
2019-03-12 12:55:17,511 [Worker-15: Launching DemoSpringApplication] INFO  o.e.m.c.i.embedder.EclipseLogger - Copying 0 resource
2019-03-12 12:55:17,515 [Worker-15: Launching DemoSpringApplication] INFO  o.e.m.c.i.embedder.EclipseLogger - Using 'UTF-8' encoding to copy filtered resources.
2019-03-12 12:55:17,515 [Worker-15: Launching DemoSpringApplication] INFO  o.e.m.c.i.embedder.EclipseLogger - skip non existing resourceDirectory D:\demo-spring\demo-spring\src\test\resources
2019-03-12 12:58:33,395 [Worker-14: Launching DemoSpringApplication] INFO  o.e.m.c.i.embedder.EclipseLogger - Using 'UTF-8' encoding to copy filtered resources.
2019-03-12 12:58:33,397 [Worker-14: Launching DemoSpringApplication] INFO  o.e.m.c.i.embedder.EclipseLogger - Copying 1 resource
2019-03-12 12:58:33,399 [Worker-14: Launching DemoSpringApplication] INFO  o.e.m.c.i.embedder.EclipseLogger - Copying 0 resource
2019-03-12 12:58:33,406 [Worker-14: Launching DemoSpringApplication] INFO  o.e.m.c.i.embedder.EclipseLogger - Using 'UTF-8' encoding to copy filtered resources.
2019-03-12 12:58:33,407 [Worker-14: Launching DemoSpringApplication] INFO  o.e.m.c.i.embedder.EclipseLogger - skip non existing resourceDirectory D:\demo-spring\demo-spring\src\test\resources
2019-03-12 13:00:03,437 [Worker-13: Building workspace] INFO  o.e.m.c.i.embedder.EclipseLogger - Using 'UTF-8' encoding to copy filtered resources.
2019-03-12 13:00:03,437 [Worker-13: Building workspace] INFO  o.e.m.c.i.embedder.EclipseLogger - Copying 1 resource
2019-03-12 13:00:03,437 [Worker-13: Building workspace] INFO  o.e.m.c.i.embedder.EclipseLogger - Copying 0 resource
2019-03-12 13:00:03,442 [Worker-13: Building workspace] INFO  o.e.m.c.i.embedder.EclipseLogger - Using 'UTF-8' encoding to copy filtered resources.
2019-03-12 13:00:03,442 [Worker-13: Building workspace] INFO  o.e.m.c.i.embedder.EclipseLogger - skip non existing resourceDirectory D:\demo-spring\demo-spring\src\test\resources
2019-03-12 13:00:16,387 [Worker-14: Building workspace] INFO  o.e.m.c.i.embedder.EclipseLogger - Using 'UTF-8' encoding to copy filtered resources.
2019-03-12 13:00:16,387 [Worker-14: Building workspace] INFO  o.e.m.c.i.embedder.EclipseLogger - Copying 1 resource
2019-03-12 13:00:16,387 [Worker-14: Building workspace] INFO  o.e.m.c.i.embedder.EclipseLogger - Copying 0 resource
2019-03-12 13:00:16,397 [Worker-14: Building workspace] INFO  o.e.m.c.i.embedder.EclipseLogger - Using 'UTF-8' encoding to copy filtered resources.
2019-03-12 13:00:16,397 [Worker-14: Building workspace] INFO  o.e.m.c.i.embedder.EclipseLogger - skip non existing resourceDirectory D:\demo-spring\demo-spring\src\test\resources
2019-03-12 13:08:32,251 [Worker-10: Launching DemoSpringApplicationTests] INFO  o.e.m.c.i.embedder.EclipseLogger - Using 'UTF-8' encoding to copy filtered resources.
2019-03-12 13:08:32,252 [Worker-10: Launching DemoSpringApplicationTests] INFO  o.e.m.c.i.embedder.EclipseLogger - Copying 0 resource
2019-03-12 13:08:32,252 [Worker-10: Launching DemoSpringApplicationTests] INFO  o.e.m.c.i.embedder.EclipseLogger - Copying 0 resource
2019-03-12 13:08:32,255 [Worker-10: Launching DemoSpringApplicationTests] INFO  o.e.m.c.i.embedder.EclipseLogger - Using 'UTF-8' encoding to copy filtered resources.
2019-03-12 13:08:32,255 [Worker-10: Launching DemoSpringApplicationTests] INFO  o.e.m.c.i.embedder.EclipseLogger - skip non existing resourceDirectory D:\demo-spring\demo-spring\src\test\resources
2019-03-12 13:09:24,520 [Worker-10: Launching DemoSpringApplicationTests] INFO  o.e.m.c.i.embedder.EclipseLogger - Using 'UTF-8' encoding to copy filtered resources.
2019-03-12 13:09:24,520 [Worker-10: Launching DemoSpringApplicationTests] INFO  o.e.m.c.i.embedder.EclipseLogger - Copying 0 resource
2019-03-12 13:09:24,520 [Worker-10: Launching DemoSpringApplicationTests] INFO  o.e.m.c.i.embedder.EclipseLogger - Copying 0 resource
2019-03-12 13:09:24,524 [Worker-10: Launching DemoSpringApplicationTests] INFO  o.e.m.c.i.embedder.EclipseLogger - Using 'UTF-8' encoding to copy filtered resources.
2019-03-12 13:09:24,525 [Worker-10: Launching DemoSpringApplicationTests] INFO  o.e.m.c.i.embedder.EclipseLogger - skip non existing resourceDirectory D:\demo-spring\demo-spring\src\test\resources
2019-03-12 13:11:37,182 [Worker-6: Launching DemoSpringApplicationTests] INFO  o.e.m.c.i.embedder.EclipseLogger - Using 'UTF-8' encoding to copy filtered resources.
2019-03-12 13:11:37,182 [Worker-6: Launching DemoSpringApplicationTests] INFO  o.e.m.c.i.embedder.EclipseLogger - Copying 0 resource
2019-03-12 13:11:37,182 [Worker-6: Launching DemoSpringApplicationTests] INFO  o.e.m.c.i.embedder.EclipseLogger - Copying 0 resource
2019-03-12 13:11:37,187 [Worker-6: Launching DemoSpringApplicationTests] INFO  o.e.m.c.i.embedder.EclipseLogger - Using 'UTF-8' encoding to copy filtered resources.
2019-03-12 13:11:37,187 [Worker-6: Launching DemoSpringApplicationTests] INFO  o.e.m.c.i.embedder.EclipseLogger - skip non existing resourceDirectory D:\demo-spring\demo-spring\src\test\resources
2019-03-12 13:12:40,826 [Worker-14: Launching DemoSpringApplicationTests] INFO  o.e.m.c.i.embedder.EclipseLogger - Using 'UTF-8' encoding to copy filtered resources.
2019-03-12 13:12:40,826 [Worker-14: Launching DemoSpringApplicationTests] INFO  o.e.m.c.i.embedder.EclipseLogger - Copying 0 resource
2019-03-12 13:12:40,831 [Worker-14: Launching DemoSpringApplicationTests] INFO  o.e.m.c.i.embedder.EclipseLogger - Copying 0 resource
2019-03-12 13:12:40,831 [Worker-14: Launching DemoSpringApplicationTests] INFO  o.e.m.c.i.embedder.EclipseLogger - Using 'UTF-8' encoding to copy filtered resources.
2019-03-12 13:12:40,831 [Worker-14: Launching DemoSpringApplicationTests] INFO  o.e.m.c.i.embedder.EclipseLogger - skip non existing resourceDirectory D:\demo-spring\demo-spring\src\test\resources
2019-03-12 13:13:08,665 [Worker-6: Building workspace] INFO  o.e.m.c.i.embedder.EclipseLogger - Using 'UTF-8' encoding to copy filtered resources.
2019-03-12 13:13:08,665 [Worker-6: Building workspace] INFO  o.e.m.c.i.embedder.EclipseLogger - Copying 1 resource
2019-03-12 13:13:08,670 [Worker-6: Building workspace] INFO  o.e.m.c.i.embedder.EclipseLogger - Copying 0 resource
2019-03-12 13:13:08,670 [Worker-6: Building workspace] INFO  o.e.m.c.i.embedder.EclipseLogger - Using 'UTF-8' encoding to copy filtered resources.
2019-03-12 13:13:08,670 [Worker-6: Building workspace] INFO  o.e.m.c.i.embedder.EclipseLogger - skip non existing resourceDirectory D:\demo-spring\demo-spring\src\test\resources
2019-03-12 13:13:35,611 [Worker-13: Building workspace] INFO  o.e.m.c.i.embedder.EclipseLogger - Using 'UTF-8' encoding to copy filtered resources.
2019-03-12 13:13:35,611 [Worker-13: Building workspace] INFO  o.e.m.c.i.embedder.EclipseLogger - Copying 1 resource
2019-03-12 13:13:35,616 [Worker-13: Building workspace] INFO  o.e.m.c.i.embedder.EclipseLogger - Copying 0 resource
2019-03-12 13:13:35,621 [Worker-13: Building workspace] INFO  o.e.m.c.i.embedder.EclipseLogger - Using 'UTF-8' encoding to copy filtered resources.
2019-03-12 13:13:35,621 [Worker-13: Building workspace] INFO  o.e.m.c.i.embedder.EclipseLogger - skip non existing resourceDirectory D:\demo-spring\demo-spring\src\test\resources
2019-03-12 13:14:33,046 [Worker-14: Launching DemoSpringApplicationTests] INFO  o.e.m.c.i.embedder.EclipseLogger - Using 'UTF-8' encoding to copy filtered resources.
2019-03-12 13:14:33,046 [Worker-14: Launching DemoSpringApplicationTests] INFO  o.e.m.c.i.embedder.EclipseLogger - Copying 0 resource
2019-03-12 13:14:33,046 [Worker-14: Launching DemoSpringApplicationTests] INFO  o.e.m.c.i.embedder.EclipseLogger - Copying 0 resource
2019-03-12 13:14:33,051 [Worker-14: Launching DemoSpringApplicationTests] INFO  o.e.m.c.i.embedder.EclipseLogger - Using 'UTF-8' encoding to copy filtered resources.
2019-03-12 13:14:33,051 [Worker-14: Launching DemoSpringApplicationTests] INFO  o.e.m.c.i.embedder.EclipseLogger - skip non existing resourceDirectory D:\demo-spring\demo-spring\src\test\resources
2019-03-12 13:15:33,979 [Worker-20: Building workspace] INFO  o.e.m.c.i.embedder.EclipseLogger - Using 'UTF-8' encoding to copy filtered resources.
2019-03-12 13:15:33,979 [Worker-20: Building workspace] INFO  o.e.m.c.i.embedder.EclipseLogger - Copying 0 resource
2019-03-12 13:15:33,979 [Worker-20: Building workspace] INFO  o.e.m.c.i.embedder.EclipseLogger - Copying 0 resource
2019-03-12 13:15:33,984 [Worker-20: Building workspace] INFO  o.e.m.c.i.embedder.EclipseLogger - Using 'UTF-8' encoding to copy filtered resources.
2019-03-12 13:15:33,984 [Worker-20: Building workspace] INFO  o.e.m.c.i.embedder.EclipseLogger - skip non existing resourceDirectory D:\demo-spring\demo-spring\src\test\resources
2019-03-12 13:17:55,119 [Worker-6: Launching DemoSpringApplicationTests] INFO  o.e.m.c.i.embedder.EclipseLogger - Using 'UTF-8' encoding to copy filtered resources.
2019-03-12 13:17:55,119 [Worker-6: Launching DemoSpringApplicationTests] INFO  o.e.m.c.i.embedder.EclipseLogger - Copying 0 resource
2019-03-12 13:17:55,119 [Worker-6: Launching DemoSpringApplicationTests] INFO  o.e.m.c.i.embedder.EclipseLogger - Copying 0 resource
2019-03-12 13:17:55,124 [Worker-6: Launching DemoSpringApplicationTests] INFO  o.e.m.c.i.embedder.EclipseLogger - Using 'UTF-8' encoding to copy filtered resources.
2019-03-12 13:17:55,124 [Worker-6: Launching DemoSpringApplicationTests] INFO  o.e.m.c.i.embedder.EclipseLogger - skip non existing resourceDirectory D:\demo-spring\demo-spring\src\test\resources
2019-03-12 13:19:50,366 [Worker-13: Building workspace] INFO  o.e.m.c.i.embedder.EclipseLogger - Using 'UTF-8' encoding to copy filtered resources.
2019-03-12 13:19:50,366 [Worker-13: Building workspace] INFO  o.e.m.c.i.embedder.EclipseLogger - Copying 0 resource
2019-03-12 13:19:50,366 [Worker-13: Building workspace] INFO  o.e.m.c.i.embedder.EclipseLogger - Copying 0 resource
2019-03-12 13:19:50,366 [Worker-13: Building workspace] INFO  o.e.m.c.i.embedder.EclipseLogger - Using 'UTF-8' encoding to copy filtered resources.
2019-03-12 13:19:50,366 [Worker-13: Building workspace] INFO  o.e.m.c.i.embedder.EclipseLogger - skip non existing resourceDirectory D:\demo-spring\demo-spring\src\test\resources
2019-03-12 13:22:07,109 [Worker-14: Launching DemoSpringApplicationTests] INFO  o.e.m.c.i.embedder.EclipseLogger - Using 'UTF-8' encoding to copy filtered resources.
2019-03-12 13:22:07,109 [Worker-14: Launching DemoSpringApplicationTests] INFO  o.e.m.c.i.embedder.EclipseLogger - Copying 0 resource
2019-03-12 13:22:07,109 [Worker-14: Launching DemoSpringApplicationTests] INFO  o.e.m.c.i.embedder.EclipseLogger - Copying 0 resource
2019-03-12 13:22:07,109 [Worker-14: Launching DemoSpringApplicationTests] INFO  o.e.m.c.i.embedder.EclipseLogger - Using 'UTF-8' encoding to copy filtered resources.
2019-03-12 13:22:07,109 [Worker-14: Launching DemoSpringApplicationTests] INFO  o.e.m.c.i.embedder.EclipseLogger - skip non existing resourceDirectory D:\demo-spring\demo-spring\src\test\resources
